[debug] [2025-10-07T09:40:58.792Z] ----------------------------------------------------------------------
[debug] [2025-10-07T09:40:58.801Z] Command:       C:\Program Files\nodejs\node.exe C:\Users\Administrator\AppData\Roaming\npm\node_modules\firebase-tools\lib\bin\firebase.js deploy --only functions --project kidflix-4cda0
[debug] [2025-10-07T09:40:58.802Z] CLI Version:   14.18.0
[debug] [2025-10-07T09:40:58.803Z] Platform:      win32
[debug] [2025-10-07T09:40:58.803Z] Node Version:  v22.19.0
[debug] [2025-10-07T09:40:58.804Z] Time:          Tue Oct 07 2025 17:40:58 GMT+0800 (Singapore Standard Time)
[debug] [2025-10-07T09:40:58.805Z] ----------------------------------------------------------------------
[debug] 
[debug] [2025-10-07T09:40:58.812Z] >>> [apiv2][query] GET https://firebase-public.firebaseio.com/cli.json [none]
[debug] [2025-10-07T09:40:59.384Z] > command requires scopes: ["email","openid","https://www.googleapis.com/auth/cloudplatformprojects.readonly","https://www.googleapis.com/auth/firebase","https://www.googleapis.com/auth/cloud-platform"]
[debug] [2025-10-07T09:40:59.385Z] > authorizing via signed-in user (leewenliang123@gmail.com)
[debug] [2025-10-07T09:40:59.385Z] [iam] checking project kidflix-4cda0 for permissions ["cloudfunctions.functions.create","cloudfunctions.functions.delete","cloudfunctions.functions.get","cloudfunctions.functions.list","cloudfunctions.functions.update","cloudfunctions.operations.get","firebase.projects.get"]
[debug] [2025-10-07T09:40:59.388Z] Checked if tokens are valid: false, expires at: 1759829403342
[debug] [2025-10-07T09:40:59.388Z] Checked if tokens are valid: false, expires at: 1759829403342
[debug] [2025-10-07T09:40:59.389Z] > refreshing access token with scopes: []
[debug] [2025-10-07T09:40:59.392Z] >>> [apiv2][query] POST https://www.googleapis.com/oauth2/v3/token [none]
[debug] [2025-10-07T09:40:59.392Z] >>> [apiv2][body] POST https://www.googleapis.com/oauth2/v3/token [omitted]
[debug] [2025-10-07T09:40:59.650Z] <<< [apiv2][status] POST https://www.googleapis.com/oauth2/v3/token 200
[debug] [2025-10-07T09:40:59.650Z] <<< [apiv2][body] POST https://www.googleapis.com/oauth2/v3/token [omitted]
[debug] [2025-10-07T09:40:59.664Z] >>> [apiv2][query] POST https://cloudresourcemanager.googleapis.com/v1/projects/kidflix-4cda0:testIamPermissions [none]
[debug] [2025-10-07T09:40:59.665Z] >>> [apiv2][(partial)header] POST https://cloudresourcemanager.googleapis.com/v1/projects/kidflix-4cda0:testIamPermissions x-goog-quota-user=projects/kidflix-4cda0
[debug] [2025-10-07T09:40:59.665Z] >>> [apiv2][body] POST https://cloudresourcemanager.googleapis.com/v1/projects/kidflix-4cda0:testIamPermissions {"permissions":["cloudfunctions.functions.create","cloudfunctions.functions.delete","cloudfunctions.functions.get","cloudfunctions.functions.list","cloudfunctions.functions.update","cloudfunctions.operations.get","firebase.projects.get"]}
[debug] [2025-10-07T09:40:59.704Z] *** [apiv2] error from fetch(https://firebase-public.firebaseio.com/cli.json, {"headers":{},"method":"GET"}): FetchError: request to https://firebase-public.firebaseio.com/cli.json failed, reason: self-signed certificate in certificate chain
[warn] !  Unable to fetch the CLI MOTD and remote config. This is not a fatal error, but may indicate an issue with your network connection. 
[debug] [2025-10-07T09:40:59.704Z] Failed to fetch MOTD FirebaseError: Failed to make request to https://firebase-public.firebaseio.com/cli.json
[debug] [2025-10-07T09:41:00.905Z] <<< [apiv2][status] POST https://cloudresourcemanager.googleapis.com/v1/projects/kidflix-4cda0:testIamPermissions 200
[debug] [2025-10-07T09:41:00.905Z] <<< [apiv2][body] POST https://cloudresourcemanager.googleapis.com/v1/projects/kidflix-4cda0:testIamPermissions {"permissions":["cloudfunctions.functions.create","cloudfunctions.functions.delete","cloudfunctions.functions.get","cloudfunctions.functions.list","cloudfunctions.functions.update","cloudfunctions.operations.get","firebase.projects.get"]}
[debug] [2025-10-07T09:41:00.905Z] Checked if tokens are valid: true, expires at: 1759833658650
[debug] [2025-10-07T09:41:00.905Z] Checked if tokens are valid: true, expires at: 1759833658650
[debug] [2025-10-07T09:41:00.905Z] >>> [apiv2][query] POST https://iam.googleapis.com/v1/projects/kidflix-4cda0/serviceAccounts/kidflix-4cda0@appspot.gserviceaccount.com:testIamPermissions [none]
[debug] [2025-10-07T09:41:00.905Z] >>> [apiv2][body] POST https://iam.googleapis.com/v1/projects/kidflix-4cda0/serviceAccounts/kidflix-4cda0@appspot.gserviceaccount.com:testIamPermissions {"permissions":["iam.serviceAccounts.actAs"]}
[debug] [2025-10-07T09:41:02.393Z] <<< [apiv2][status] POST https://iam.googleapis.com/v1/projects/kidflix-4cda0/serviceAccounts/kidflix-4cda0@appspot.gserviceaccount.com:testIamPermissions 200
[debug] [2025-10-07T09:41:02.393Z] <<< [apiv2][body] POST https://iam.googleapis.com/v1/projects/kidflix-4cda0/serviceAccounts/kidflix-4cda0@appspot.gserviceaccount.com:testIamPermissions {"permissions":["iam.serviceAccounts.actAs"]}
[info] 
[info] === Deploying to 'kidflix-4cda0'...
[info] 
[info] i  deploying functions 
[info] Running command: npm --prefix functions run build
[info] +  functions: Finished running predeploy script. 
[debug] [2025-10-07T09:41:05.180Z] Checked if tokens are valid: true, expires at: 1759833658650
[debug] [2025-10-07T09:41:05.181Z] Checked if tokens are valid: true, expires at: 1759833658650
[debug] [2025-10-07T09:41:05.182Z] >>> [apiv2][query] GET https://cloudresourcemanager.googleapis.com/v1/projects/kidflix-4cda0 [none]
[debug] [2025-10-07T09:41:05.473Z] <<< [apiv2][status] GET https://cloudresourcemanager.googleapis.com/v1/projects/kidflix-4cda0 200
[debug] [2025-10-07T09:41:05.473Z] <<< [apiv2][body] GET https://cloudresourcemanager.googleapis.com/v1/projects/kidflix-4cda0 {"projectNumber":"1057413003684","projectId":"kidflix-4cda0","lifecycleState":"ACTIVE","name":"kidflix","labels":{"firebase":"enabled","firebase-core":"disabled"},"createTime":"2025-08-10T12:58:17.729960Z"}
[info] i  functions: preparing codebase default for deployment 
[info] i  functions: ensuring required API cloudfunctions.googleapis.com is enabled... 
[info] i  functions: ensuring required API cloudbuild.googleapis.com is enabled... 
[info] i  artifactregistry: ensuring required API artifactregistry.googleapis.com is enabled... 
[debug] [2025-10-07T09:41:05.478Z] Checked if tokens are valid: true, expires at: 1759833658650
[debug] [2025-10-07T09:41:05.479Z] Checked if tokens are valid: true, expires at: 1759833658650
[debug] [2025-10-07T09:41:05.479Z] >>> [apiv2][query] GET https://firebase.googleapis.com/v1beta1/projects/kidflix-4cda0/adminSdkConfig [none]
[debug] [2025-10-07T09:41:05.953Z] <<< [apiv2][status] GET https://firebase.googleapis.com/v1beta1/projects/kidflix-4cda0/adminSdkConfig 200
[debug] [2025-10-07T09:41:05.953Z] <<< [apiv2][body] GET https://firebase.googleapis.com/v1beta1/projects/kidflix-4cda0/adminSdkConfig {"projectId":"kidflix-4cda0","storageBucket":"kidflix-4cda0.firebasestorage.app"}
[debug] [2025-10-07T09:41:05.953Z] Checked if tokens are valid: true, expires at: 1759833658650
[debug] [2025-10-07T09:41:05.953Z] Checked if tokens are valid: true, expires at: 1759833658650
[debug] [2025-10-07T09:41:05.953Z] >>> [apiv2][query] GET https://runtimeconfig.googleapis.com/v1beta1/projects/kidflix-4cda0/configs [none]
[debug] [2025-10-07T09:41:06.379Z] <<< [apiv2][status] GET https://runtimeconfig.googleapis.com/v1beta1/projects/kidflix-4cda0/configs 200
[debug] [2025-10-07T09:41:06.379Z] <<< [apiv2][body] GET https://runtimeconfig.googleapis.com/v1beta1/projects/kidflix-4cda0/configs {}
[debug] [2025-10-07T09:41:06.381Z] Validating nodejs source
[warn] !  functions: package.json indicates an outdated version of firebase-functions. Please upgrade using npm install --save firebase-functions@latest in your functions directory. 
[warn] !  functions: Please note that there will be breaking changes when you upgrade. 
[debug] [2025-10-07T09:41:07.805Z] > [functions] package.json contents: {
  "name": "kidflix-cx-webhook",
  "private": true,
  "main": "lib/index.js",
  "engines": {
    "node": "20"
  },
  "scripts": {
    "build": "tsc",
    "serve": "firebase emulators:start --only functions",
    "deploy": "npm run build && firebase deploy --only functions"
  },
  "dependencies": {
    "firebase-functions": "^4.9.0",
    "undici": "^7.16.0"
  },
  "devDependencies": {
    "@types/node": "^24.7.0",
    "ts-node": "^10.9.2",
    "typescript": "^5.9.3"
  }
}
[debug] [2025-10-07T09:41:07.805Z] Building nodejs source
[info] i  functions: Loading and analyzing source code for codebase default to determine what to deploy 
[info] i  functions: You are using a version of firebase-functions SDK (4.9.0) that does not have support for the newest Firebase Extensions features. Please update firebase-functions SDK to >=5.1.0 to use them correctly 
[debug] [2025-10-07T09:41:07.806Z] Could not find functions.yaml. Must use http discovery
[debug] [2025-10-07T09:41:07.835Z] Found firebase-functions binary at 'C:\Temp\weide\FYP-Frontend-main\functions\node_modules\.bin\firebase-functions'
[info] Serving at port 8185

[debug] [2025-10-07T09:41:08.824Z] Got response from /__/functions.yaml {"endpoints":{"cxWebhook":{"availableMemoryMb":null,"timeoutSeconds":null,"minInstances":null,"maxInstances":null,"ingressSettings":null,"concurrency":null,"serviceAccountEmail":null,"vpc":null,"platform":"gcfv2","region":["asia-southeast1"],"secretEnvironmentVariables":[{"key":"BOOKS_API_KEY"},{"key":"YOUTUBE_API_KEY"},{"key":"APP_API_BASE"}],"labels":{},"httpsTrigger":{},"entryPoint":"cxWebhook"}},"specVersion":"v1alpha1","requiredAPIs":[]}
[info] i  functions: preparing functions directory for uploading... 
[info] i  functions: packaged C:\Temp\weide\FYP-Frontend-main\functions (36.69 KB) for uploading 
[debug] [2025-10-07T09:41:12.913Z] Checked if tokens are valid: true, expires at: 1759833658650
[debug] [2025-10-07T09:41:12.913Z] Checked if tokens are valid: true, expires at: 1759833658650
[debug] [2025-10-07T09:41:12.913Z] >>> [apiv2][query] GET https://cloudfunctions.googleapis.com/v1/projects/kidflix-4cda0/locations/-/functions [none]
[debug] [2025-10-07T09:41:13.930Z] <<< [apiv2][status] GET https://cloudfunctions.googleapis.com/v1/projects/kidflix-4cda0/locations/-/functions 200
[debug] [2025-10-07T09:41:13.930Z] <<< [apiv2][body] GET https://cloudfunctions.googleapis.com/v1/projects/kidflix-4cda0/locations/-/functions {}
[debug] [2025-10-07T09:41:13.931Z] Checked if tokens are valid: true, expires at: 1759833658650
[debug] [2025-10-07T09:41:13.931Z] Checked if tokens are valid: true, expires at: 1759833658650
[debug] [2025-10-07T09:41:13.931Z] >>> [apiv2][query] GET https://cloudfunctions.googleapis.com/v2/projects/kidflix-4cda0/locations/-/functions filter=environment%3D%22GEN_2%22
[debug] [2025-10-07T09:41:15.506Z] <<< [apiv2][status] GET https://cloudfunctions.googleapis.com/v2/projects/kidflix-4cda0/locations/-/functions 200
[debug] [2025-10-07T09:41:15.507Z] <<< [apiv2][body] GET https://cloudfunctions.googleapis.com/v2/projects/kidflix-4cda0/locations/-/functions {"functions":[{"name":"projects/kidflix-4cda0/locations/asia-southeast1/functions/cxWebhook","buildConfig":{"build":"projects/1057413003684/locations/asia-southeast1/builds/0ec8ec22-36b4-4667-b8c3-c3b4b57963ef","runtime":"nodejs22","entryPoint":"cxWebhook","source":{"storageSource":{"bucket":"gcf-v2-sources-1057413003684-asia-southeast1","object":"cxWebhook/function-source.zip","generation":"1759826676925350"}},"environmentVariables":{"GOOGLE_NODE_RUN_SCRIPTS":""},"dockerRepository":"projects/kidflix-4cda0/locations/asia-southeast1/repositories/gcf-artifacts","sourceProvenance":{"resolvedStorageSource":{"bucket":"gcf-v2-sources-1057413003684-asia-southeast1","object":"cxWebhook/function-source.zip","generation":"1759826676925350"}},"dockerRegistry":"ARTIFACT_REGISTRY","serviceAccount":"projects/kidflix-4cda0/serviceAccounts/1057413003684-compute@developer.gserviceaccount.com","automaticUpdatePolicy":{}},"serviceConfig":{"service":"projects/kidflix-4cda0/locations/asia-southeast1/services/cxwebhook","timeoutSeconds":60,"environmentVariables":{"FIREBASE_CONFIG":"{\"projectId\":\"kidflix-4cda0\",\"storageBucket\":\"kidflix-4cda0.firebasestorage.app\"}","GCLOUD_PROJECT":"kidflix-4cda0","EVENTARC_CLOUD_EVENT_SOURCE":"projects/kidflix-4cda0/locations/asia-southeast1/services/cxWebhook","FUNCTION_TARGET":"cxWebhook","LOG_EXECUTION_ID":"true"},"maxInstanceCount":20,"ingressSettings":"ALLOW_ALL","uri":"https://cxwebhook-5lipmd53fq-as.a.run.app","serviceAccountEmail":"1057413003684-compute@developer.gserviceaccount.com","availableMemory":"256Mi","allTrafficOnLatestRevision":true,"secretEnvironmentVariables":[{"key":"BOOKS_API_KEY","projectId":"kidflix-4cda0","secret":"BOOKS_API_KEY","version":"4"},{"key":"YOUTUBE_API_KEY","projectId":"kidflix-4cda0","secret":"YOUTUBE_API_KEY","version":"3"},{"key":"APP_API_BASE","projectId":"kidflix-4cda0","secret":"APP_API_BASE","version":"2"}],"revision":"cxwebhook-00043-wes","maxInstanceRequestConcurrency":80,"availableCpu":"1"},"state":"ACTIVE","updateTime":"2025-10-07T09:00:57.657081482Z","labels":{"deployment-tool":"cli-firebase","firebase-functions-hash":"8510311dc9f68776ce05b4aa07f6e1f9ba2c0cf6"},"environment":"GEN_2","url":"https://asia-southeast1-kidflix-4cda0.cloudfunctions.net/cxWebhook","satisfiesPzs":true,"createTime":"2025-09-20T05:04:53.764040819Z","satisfiesPzi":true}]}
[info] i  functions: ensuring required API run.googleapis.com is enabled... 
[info] i  functions: ensuring required API eventarc.googleapis.com is enabled... 
[info] i  functions: ensuring required API pubsub.googleapis.com is enabled... 
[info] i  functions: ensuring required API storage.googleapis.com is enabled... 
[info] i  functions: generating the service identity for pubsub.googleapis.com... 
[debug] [2025-10-07T09:41:15.512Z] Checked if tokens are valid: true, expires at: 1759833658650
[debug] [2025-10-07T09:41:15.512Z] Checked if tokens are valid: true, expires at: 1759833658650
[info] i  functions: generating the service identity for eventarc.googleapis.com... 
[debug] [2025-10-07T09:41:15.513Z] Checked if tokens are valid: true, expires at: 1759833658650
[debug] [2025-10-07T09:41:15.513Z] Checked if tokens are valid: true, expires at: 1759833658650
[debug] [2025-10-07T09:41:15.513Z] >>> [apiv2][query] POST https://serviceusage.googleapis.com/v1beta1/projects/1057413003684/services/pubsub.googleapis.com:generateServiceIdentity [none]
[debug] [2025-10-07T09:41:15.513Z] >>> [apiv2][(partial)header] POST https://serviceusage.googleapis.com/v1beta1/projects/1057413003684/services/pubsub.googleapis.com:generateServiceIdentity x-goog-quota-user=projects/1057413003684
[debug] [2025-10-07T09:41:15.513Z] >>> [apiv2][body] POST https://serviceusage.googleapis.com/v1beta1/projects/1057413003684/services/pubsub.googleapis.com:generateServiceIdentity {}
[debug] [2025-10-07T09:41:15.514Z] >>> [apiv2][query] POST https://serviceusage.googleapis.com/v1beta1/projects/1057413003684/services/eventarc.googleapis.com:generateServiceIdentity [none]
[debug] [2025-10-07T09:41:15.514Z] >>> [apiv2][(partial)header] POST https://serviceusage.googleapis.com/v1beta1/projects/1057413003684/services/eventarc.googleapis.com:generateServiceIdentity x-goog-quota-user=projects/1057413003684
[debug] [2025-10-07T09:41:15.514Z] >>> [apiv2][body] POST https://serviceusage.googleapis.com/v1beta1/projects/1057413003684/services/eventarc.googleapis.com:generateServiceIdentity {}
[debug] [2025-10-07T09:41:17.084Z] <<< [apiv2][status] POST https://serviceusage.googleapis.com/v1beta1/projects/1057413003684/services/eventarc.googleapis.com:generateServiceIdentity 200
[debug] [2025-10-07T09:41:17.084Z] <<< [apiv2][body] POST https://serviceusage.googleapis.com/v1beta1/projects/1057413003684/services/eventarc.googleapis.com:generateServiceIdentity {"name":"operations/finished.DONE_OPERATION","done":true,"response":{"@type":"type.googleapis.com/google.api.serviceusage.v1beta1.ServiceIdentity","email":"service-1057413003684@gcp-sa-eventarc.iam.gserviceaccount.com","uniqueId":"104320890539838254343"}}
[debug] [2025-10-07T09:41:17.344Z] <<< [apiv2][status] POST https://serviceusage.googleapis.com/v1beta1/projects/1057413003684/services/pubsub.googleapis.com:generateServiceIdentity 200
[debug] [2025-10-07T09:41:17.344Z] <<< [apiv2][body] POST https://serviceusage.googleapis.com/v1beta1/projects/1057413003684/services/pubsub.googleapis.com:generateServiceIdentity {"name":"operations/finished.DONE_OPERATION","done":true,"response":{"@type":"type.googleapis.com/google.api.serviceusage.v1beta1.ServiceIdentity","email":"service-1057413003684@gcp-sa-pubsub.iam.gserviceaccount.com","uniqueId":"102360523277940125321"}}
[info] i  functions: ensuring required API secretmanager.googleapis.com is enabled... 
[debug] [2025-10-07T09:41:17.347Z] Checked if tokens are valid: true, expires at: 1759833658650
[debug] [2025-10-07T09:41:17.347Z] Checked if tokens are valid: true, expires at: 1759833658650
[debug] [2025-10-07T09:41:17.347Z] Checked if tokens are valid: true, expires at: 1759833658650
[debug] [2025-10-07T09:41:17.347Z] Checked if tokens are valid: true, expires at: 1759833658650
[debug] [2025-10-07T09:41:17.347Z] Checked if tokens are valid: true, expires at: 1759833658650
[debug] [2025-10-07T09:41:17.347Z] Checked if tokens are valid: true, expires at: 1759833658650
[debug] [2025-10-07T09:41:17.348Z] >>> [apiv2][query] GET https://secretmanager.googleapis.com/v1/projects/kidflix-4cda0/secrets/BOOKS_API_KEY/versions/latest [none]
[debug] [2025-10-07T09:41:17.349Z] >>> [apiv2][query] GET https://secretmanager.googleapis.com/v1/projects/kidflix-4cda0/secrets/YOUTUBE_API_KEY/versions/latest [none]
[debug] [2025-10-07T09:41:17.350Z] >>> [apiv2][query] GET https://secretmanager.googleapis.com/v1/projects/kidflix-4cda0/secrets/APP_API_BASE/versions/latest [none]
[debug] [2025-10-07T09:41:17.809Z] <<< [apiv2][status] GET https://secretmanager.googleapis.com/v1/projects/kidflix-4cda0/secrets/YOUTUBE_API_KEY/versions/latest 200
[debug] [2025-10-07T09:41:17.809Z] <<< [apiv2][body] GET https://secretmanager.googleapis.com/v1/projects/kidflix-4cda0/secrets/YOUTUBE_API_KEY/versions/latest {"name":"projects/1057413003684/secrets/YOUTUBE_API_KEY/versions/3","createTime":"2025-10-07T08:35:29.123069Z","state":"ENABLED","replicationStatus":{"automatic":{}},"etag":"\"16408d734af6fd\""}
[debug] [2025-10-07T09:41:17.809Z] Resolved secret version of YOUTUBE_API_KEY to 3.
[debug] [2025-10-07T09:41:17.898Z] <<< [apiv2][status] GET https://secretmanager.googleapis.com/v1/projects/kidflix-4cda0/secrets/BOOKS_API_KEY/versions/latest 200
[debug] [2025-10-07T09:41:17.898Z] <<< [apiv2][body] GET https://secretmanager.googleapis.com/v1/projects/kidflix-4cda0/secrets/BOOKS_API_KEY/versions/latest {"name":"projects/1057413003684/secrets/BOOKS_API_KEY/versions/4","createTime":"2025-10-07T08:33:09.096821Z","state":"ENABLED","replicationStatus":{"automatic":{}},"etag":"\"16408d6af25575\""}
[debug] [2025-10-07T09:41:17.898Z] Resolved secret version of BOOKS_API_KEY to 4.
[debug] [2025-10-07T09:41:18.008Z] <<< [apiv2][status] GET https://secretmanager.googleapis.com/v1/projects/kidflix-4cda0/secrets/APP_API_BASE/versions/latest 200
[debug] [2025-10-07T09:41:18.009Z] <<< [apiv2][body] GET https://secretmanager.googleapis.com/v1/projects/kidflix-4cda0/secrets/APP_API_BASE/versions/latest {"name":"projects/1057413003684/secrets/APP_API_BASE/versions/2","createTime":"2025-10-07T08:44:14.655194Z","state":"ENABLED","replicationStatus":{"automatic":{}},"etag":"\"16408d929df2da\""}
[debug] [2025-10-07T09:41:18.009Z] Resolved secret version of APP_API_BASE to 2.
[debug] [2025-10-07T09:41:18.010Z] Checked if tokens are valid: true, expires at: 1759833658650
[debug] [2025-10-07T09:41:18.010Z] Checked if tokens are valid: true, expires at: 1759833658650
[debug] [2025-10-07T09:41:18.010Z] >>> [apiv2][query] GET https://cloudresourcemanager.googleapis.com/v1/projects/kidflix-4cda0 [none]
[debug] [2025-10-07T09:41:19.225Z] <<< [apiv2][status] GET https://cloudresourcemanager.googleapis.com/v1/projects/kidflix-4cda0 200
[debug] [2025-10-07T09:41:19.225Z] <<< [apiv2][body] GET https://cloudresourcemanager.googleapis.com/v1/projects/kidflix-4cda0 {"projectNumber":"1057413003684","projectId":"kidflix-4cda0","lifecycleState":"ACTIVE","name":"kidflix","labels":{"firebase":"enabled","firebase-core":"disabled"},"createTime":"2025-08-10T12:58:17.729960Z"}
[debug] [2025-10-07T09:41:19.225Z] Checked if tokens are valid: true, expires at: 1759833658650
[debug] [2025-10-07T09:41:19.225Z] Checked if tokens are valid: true, expires at: 1759833658650
[debug] [2025-10-07T09:41:19.226Z] >>> [apiv2][query] GET https://compute.googleapis.com/compute/v1/projects/1057413003684 [none]
[debug] [2025-10-07T09:41:19.643Z] <<< [apiv2][status] GET https://compute.googleapis.com/compute/v1/projects/1057413003684 403
[debug] [2025-10-07T09:41:19.644Z] <<< [apiv2][body] GET https://compute.googleapis.com/compute/v1/projects/1057413003684 {"error":{"code":403,"message":"Compute Engine API has not been used in project 1057413003684 before or it is disabled. Enable it by visiting https://console.developers.google.com/apis/api/compute.googleapis.com/overview?project=1057413003684 then retry. If you enabled this API recently, wait a few minutes for the action to propagate to our systems and retry.","errors":[{"message":"Compute Engine API has not been used in project 1057413003684 before or it is disabled. Enable it by visiting https://console.developers.google.com/apis/api/compute.googleapis.com/overview?project=1057413003684 then retry. If you enabled this API recently, wait a few minutes for the action to propagate to our systems and retry.","domain":"usageLimits","reason":"accessNotConfigured","extendedHelp":"https://console.developers.google.com"}],"status":"PERMISSION_DENIED","details":[{"@type":"type.googleapis.com/google.rpc.ErrorInfo","reason":"SERVICE_DISABLED","domain":"googleapis.com","metadata":{"service":"compute.googleapis.com","activationUrl":"https://console.developers.google.com/apis/api/compute.googleapis.com/overview?project=1057413003684","containerInfo":"1057413003684","consumer":"projects/1057413003684","serviceTitle":"Compute Engine API"}},{"@type":"type.googleapis.com/google.rpc.LocalizedMessage","locale":"en-US","message":"Compute Engine API has not been used in project 1057413003684 before or it is disabled. Enable it by visiting https://console.developers.google.com/apis/api/compute.googleapis.com/overview?project=1057413003684 then retry. If you enabled this API recently, wait a few minutes for the action to propagate to our systems and retry."},{"@type":"type.googleapis.com/google.rpc.Help","links":[{"description":"Google developers console API activation","url":"https://console.developers.google.com/apis/api/compute.googleapis.com/overview?project=1057413003684"}]}]}}
[debug] [2025-10-07T09:41:19.644Z] unable to look up default compute service account. Falling back to 1057413003684-compute@developer.gserviceaccount.com. Error: {"name":"FirebaseError","children":[],"context":{"body":{"error":{"code":403,"message":"Compute Engine API has not been used in project 1057413003684 before or it is disabled. Enable it by visiting https://console.developers.google.com/apis/api/compute.googleapis.com/overview?project=1057413003684 then retry. If you enabled this API recently, wait a few minutes for the action to propagate to our systems and retry.","errors":[{"message":"Compute Engine API has not been used in project 1057413003684 before or it is disabled. Enable it by visiting https://console.developers.google.com/apis/api/compute.googleapis.com/overview?project=1057413003684 then retry. If you enabled this API recently, wait a few minutes for the action to propagate to our systems and retry.","domain":"usageLimits","reason":"accessNotConfigured","extendedHelp":"https://console.developers.google.com"}],"status":"PERMISSION_DENIED","details":[{"@type":"type.googleapis.com/google.rpc.ErrorInfo","reason":"SERVICE_DISABLED","domain":"googleapis.com","metadata":{"service":"compute.googleapis.com","activationUrl":"https://console.developers.google.com/apis/api/compute.googleapis.com/overview?project=1057413003684","containerInfo":"1057413003684","consumer":"projects/1057413003684","serviceTitle":"Compute Engine API"}},{"@type":"type.googleapis.com/google.rpc.LocalizedMessage","locale":"en-US","message":"Compute Engine API has not been used in project 1057413003684 before or it is disabled. Enable it by visiting https://console.developers.google.com/apis/api/compute.googleapis.com/overview?project=1057413003684 then retry. If you enabled this API recently, wait a few minutes for the action to propagate to our systems and retry."},{"@type":"type.googleapis.com/google.rpc.Help","links":[{"description":"Google developers console API activation","url":"https://console.developers.google.com/apis/api/compute.googleapis.com/overview?project=1057413003684"}]}]}},"response":{"statusCode":403}},"exit":1,"message":"Request to https://compute.googleapis.com/compute/v1/projects/1057413003684 had HTTP Error: 403, Compute Engine API has not been used in project 1057413003684 before or it is disabled. Enable it by visiting https://console.developers.google.com/apis/api/compute.googleapis.com/overview?project=1057413003684 then retry. If you enabled this API recently, wait a few minutes for the action to propagate to our systems and retry.","status":403}
[debug] [2025-10-07T09:41:19.645Z] Checked if tokens are valid: true, expires at: 1759833658650
[debug] [2025-10-07T09:41:19.645Z] Checked if tokens are valid: true, expires at: 1759833658650
[debug] [2025-10-07T09:41:19.645Z] >>> [apiv2][query] POST https://cloudfunctions.googleapis.com/v2/projects/kidflix-4cda0/locations/asia-southeast1/functions:generateUploadUrl [none]
[debug] [2025-10-07T09:41:19.815Z] <<< [apiv2][status] POST https://cloudfunctions.googleapis.com/v2/projects/kidflix-4cda0/locations/asia-southeast1/functions:generateUploadUrl 200
[debug] [2025-10-07T09:41:19.816Z] <<< [apiv2][body] POST https://cloudfunctions.googleapis.com/v2/projects/kidflix-4cda0/locations/asia-southeast1/functions:generateUploadUrl {"uploadUrl":"https://storage.googleapis.com/gcf-v2-uploads-1057413003684.asia-southeast1.cloudfunctions.appspot.com/0f7a5fb5-ac07-46f0-a181-da39444207d6.zip?GoogleAccessId=service-1057413003684@gcf-admin-robot.iam.gserviceaccount.com&Expires=1759831879&Signature=DIUh6YRpE%2FYWA%2B05KARU3O3Jl5nV5%2FOcF9R1lY7kFXOklVmp7AQTMgzryGDFJV6K8%2BQv%2FlgFmRz%2FTOSAHa3ucRC0QKpb%2BHMSbXFTS3fU8EnfJD%2Fr8h8kp2fl%2B%2FxXG55pUMV%2BSx19C10p7k6HC6kgi9Tg4ktOuvjb5lv%2FzpC7JsFCYZSVIwHJUX2Za%2FH7pDcP05vl6cTbvRcaqm117gvcKpOvt%2Btl957Q60RIMhf57k3E%2BJ%2FH4qY%2FqH2pWOxtO2vWdC%2FlJlfxSrl%2B1WdvseavqZDFQX6L1RPRUJO5%2BzLAtSL2Fkj2BBGSR42z%2B1SlaHiwKCtqkii7mJ%2BUxBw4DcsswQ%3D%3D","storageSource":{"bucket":"gcf-v2-uploads-1057413003684.asia-southeast1.cloudfunctions.appspot.com","object":"0f7a5fb5-ac07-46f0-a181-da39444207d6.zip"}}
[debug] [2025-10-07T09:41:19.816Z] >>> [apiv2][query] PUT https://storage.googleapis.com/gcf-v2-uploads-1057413003684.asia-southeast1.cloudfunctions.appspot.com/0f7a5fb5-ac07-46f0-a181-da39444207d6.zip GoogleAccessId=service-1057413003684%40gcf-admin-robot.iam.gserviceaccount.com&Expires=1759831879&Signature=DIUh6YRpE%2FYWA%2B05KARU3O3Jl5nV5%2FOcF9R1lY7kFXOklVmp7AQTMgzryGDFJV6K8%2BQv%2FlgFmRz%2FTOSAHa3ucRC0QKpb%2BHMSbXFTS3fU8EnfJD%2Fr8h8kp2fl%2B%2FxXG55pUMV%2BSx19C10p7k6HC6kgi9Tg4ktOuvjb5lv%2FzpC7JsFCYZSVIwHJUX2Za%2FH7pDcP05vl6cTbvRcaqm117gvcKpOvt%2Btl957Q60RIMhf57k3E%2BJ%2FH4qY%2FqH2pWOxtO2vWdC%2FlJlfxSrl%2B1WdvseavqZDFQX6L1RPRUJO5%2BzLAtSL2Fkj2BBGSR42z%2B1SlaHiwKCtqkii7mJ%2BUxBw4DcsswQ%3D%3D
[debug] [2025-10-07T09:41:19.816Z] >>> [apiv2][body] PUT https://storage.googleapis.com/gcf-v2-uploads-1057413003684.asia-southeast1.cloudfunctions.appspot.com/0f7a5fb5-ac07-46f0-a181-da39444207d6.zip [stream]
[debug] [2025-10-07T09:41:20.184Z] <<< [apiv2][status] PUT https://storage.googleapis.com/gcf-v2-uploads-1057413003684.asia-southeast1.cloudfunctions.appspot.com/0f7a5fb5-ac07-46f0-a181-da39444207d6.zip 200
[debug] [2025-10-07T09:41:20.184Z] <<< [apiv2][body] PUT https://storage.googleapis.com/gcf-v2-uploads-1057413003684.asia-southeast1.cloudfunctions.appspot.com/0f7a5fb5-ac07-46f0-a181-da39444207d6.zip [omitted]
[info] +  functions: functions source uploaded successfully 
[info] i  functions: updating Node.js 20 (2nd Gen) function cxWebhook(asia-southeast1)... 
[debug] [2025-10-07T09:41:20.188Z] Checked if tokens are valid: true, expires at: 1759833658650
[debug] [2025-10-07T09:41:20.188Z] Checked if tokens are valid: true, expires at: 1759833658650
[debug] [2025-10-07T09:41:20.188Z] >>> [apiv2][query] PATCH https://cloudfunctions.googleapis.com/v2/projects/kidflix-4cda0/locations/asia-southeast1/functions/cxWebhook updateMask=name%2CbuildConfig.runtime%2CbuildConfig.entryPoint%2CbuildConfig.source.storageSource.bucket%2CbuildConfig.source.storageSource.object%2CbuildConfig.environmentVariables%2CbuildConfig.sourceToken%2CserviceConfig.environmentVariables%2CserviceConfig.secretEnvironmentVariables%2CserviceConfig.ingressSettings%2CserviceConfig.timeoutSeconds%2CserviceConfig.serviceAccountEmail%2CserviceConfig.availableMemory%2CserviceConfig.minInstanceCount%2CserviceConfig.maxInstanceCount%2CserviceConfig.maxInstanceRequestConcurrency%2CserviceConfig.availableCpu%2CserviceConfig.vpcConnector%2CserviceConfig.vpcConnectorEgressSettings%2Clabels
[debug] [2025-10-07T09:41:20.188Z] >>> [apiv2][body] PATCH https://cloudfunctions.googleapis.com/v2/projects/kidflix-4cda0/locations/asia-southeast1/functions/cxWebhook {"name":"projects/kidflix-4cda0/locations/asia-southeast1/functions/cxWebhook","buildConfig":{"runtime":"nodejs20","entryPoint":"cxWebhook","source":{"storageSource":{"bucket":"gcf-v2-uploads-1057413003684.asia-southeast1.cloudfunctions.appspot.com","object":"0f7a5fb5-ac07-46f0-a181-da39444207d6.zip"}},"environmentVariables":{"GOOGLE_NODE_RUN_SCRIPTS":""}},"serviceConfig":{"environmentVariables":{"FIREBASE_CONFIG":"{\"projectId\":\"kidflix-4cda0\",\"storageBucket\":\"kidflix-4cda0.firebasestorage.app\"}","GCLOUD_PROJECT":"kidflix-4cda0","EVENTARC_CLOUD_EVENT_SOURCE":"projects/kidflix-4cda0/locations/asia-southeast1/services/cxWebhook","FUNCTION_TARGET":"cxWebhook","LOG_EXECUTION_ID":"true"},"secretEnvironmentVariables":[{"key":"BOOKS_API_KEY","secret":"BOOKS_API_KEY","projectId":"kidflix-4cda0","version":"4"},{"key":"YOUTUBE_API_KEY","secret":"YOUTUBE_API_KEY","projectId":"kidflix-4cda0","version":"3"},{"key":"APP_API_BASE","secret":"APP_API_BASE","projectId":"kidflix-4cda0","version":"2"}],"ingressSettings":null,"timeoutSeconds":null,"serviceAccountEmail":null,"availableMemory":"256Mi","minInstanceCount":null,"maxInstanceCount":null,"maxInstanceRequestConcurrency":80,"availableCpu":"1","vpcConnector":null,"vpcConnectorEgressSettings":null},"labels":{"deployment-tool":"cli-firebase","firebase-functions-hash":"e1edb8653da021614e1b686b05928b37a78a3d48"}}
[debug] [2025-10-07T09:41:21.765Z] <<< [apiv2][status] PATCH https://cloudfunctions.googleapis.com/v2/projects/kidflix-4cda0/locations/asia-southeast1/functions/cxWebhook 200
[debug] [2025-10-07T09:41:21.765Z] <<< [apiv2][body] PATCH https://cloudfunctions.googleapis.com/v2/projects/kidflix-4cda0/locations/asia-southeast1/functions/cxWebhook {"name":"projects/kidflix-4cda0/locations/asia-southeast1/operations/operation-1759830079762-6408e5ec4ef89-62ad22aa-75bc07e7","metadata":{"@type":"type.googleapis.com/google.cloud.functions.v2.OperationMetadata","createTime":"2025-10-07T09:41:21.099040735Z","target":"projects/kidflix-4cda0/locations/asia-southeast1/functions/cxWebhook","verb":"update","cancelRequested":false,"apiVersion":"v2"},"done":false}
[debug] [2025-10-07T09:41:21.765Z] Checked if tokens are valid: true, expires at: 1759833658650
[debug] [2025-10-07T09:41:21.765Z] Checked if tokens are valid: true, expires at: 1759833658650
[debug] [2025-10-07T09:41:21.766Z] >>> [apiv2][query] GET https://cloudfunctions.googleapis.com/v2/projects/kidflix-4cda0/locations/asia-southeast1/operations/operation-1759830079762-6408e5ec4ef89-62ad22aa-75bc07e7 [none]
[debug] [2025-10-07T09:41:21.849Z] <<< [apiv2][status] GET https://cloudfunctions.googleapis.com/v2/projects/kidflix-4cda0/locations/asia-southeast1/operations/operation-1759830079762-6408e5ec4ef89-62ad22aa-75bc07e7 200
[debug] [2025-10-07T09:41:21.849Z] <<< [apiv2][body] GET https://cloudfunctions.googleapis.com/v2/projects/kidflix-4cda0/locations/asia-southeast1/operations/operation-1759830079762-6408e5ec4ef89-62ad22aa-75bc07e7 {"name":"projects/kidflix-4cda0/locations/asia-southeast1/operations/operation-1759830079762-6408e5ec4ef89-62ad22aa-75bc07e7","metadata":{"@type":"type.googleapis.com/google.cloud.functions.v2.OperationMetadata","createTime":"2025-10-07T09:41:21.099040735Z","target":"projects/kidflix-4cda0/locations/asia-southeast1/functions/cxWebhook","verb":"update","cancelRequested":false,"apiVersion":"v2","requestResource":{"@type":"type.googleapis.com/google.cloud.functions.v2.Function","name":"projects/kidflix-4cda0/locations/asia-southeast1/functions/cxWebhook","buildConfig":{"runtime":"nodejs20","entryPoint":"cxWebhook","source":{"storageSource":{"bucket":"gcf-v2-sources-1057413003684-asia-southeast1","object":"cxWebhook/function-source.zip","generation":"1759830081026320"}},"environmentVariables":{"GOOGLE_NODE_RUN_SCRIPTS":""},"dockerRepository":"projects/kidflix-4cda0/locations/asia-southeast1/repositories/gcf-artifacts","sourceProvenance":{"resolvedStorageSource":{"bucket":"gcf-v2-sources-1057413003684-asia-southeast1","object":"cxWebhook/function-source.zip","generation":"1759826676925350"}},"dockerRegistry":"ARTIFACT_REGISTRY","serviceAccount":"projects/kidflix-4cda0/serviceAccounts/1057413003684-compute@developer.gserviceaccount.com","automaticUpdatePolicy":{}},"serviceConfig":{"service":"projects/kidflix-4cda0/locations/asia-southeast1/services/cxwebhook","timeoutSeconds":60,"environmentVariables":{"FIREBASE_CONFIG":"{\"projectId\":\"kidflix-4cda0\",\"storageBucket\":\"kidflix-4cda0.firebasestorage.app\"}","GCLOUD_PROJECT":"kidflix-4cda0","EVENTARC_CLOUD_EVENT_SOURCE":"projects/kidflix-4cda0/locations/asia-southeast1/services/cxWebhook","FUNCTION_TARGET":"cxWebhook","LOG_EXECUTION_ID":"true"},"ingressSettings":"ALLOW_ALL","uri":"https://cxwebhook-5lipmd53fq-as.a.run.app","serviceAccountEmail":"1057413003684-compute@developer.gserviceaccount.com","availableMemory":"256Mi","allTrafficOnLatestRevision":true,"secretEnvironmentVariables":[{"key":"BOOKS_API_KEY","projectId":"kidflix-4cda0","secret":"BOOKS_API_KEY","version":"4"},{"key":"YOUTUBE_API_KEY","projectId":"kidflix-4cda0","secret":"YOUTUBE_API_KEY","version":"3"},{"key":"APP_API_BASE","projectId":"kidflix-4cda0","secret":"APP_API_BASE","version":"2"}],"revision":"cxwebhook-00043-wes","maxInstanceRequestConcurrency":80,"availableCpu":"1"},"state":"ACTIVE","labels":{"deployment-tool":"cli-firebase","firebase-functions-hash":"e1edb8653da021614e1b686b05928b37a78a3d48"},"environment":"GEN_2","url":"https://asia-southeast1-kidflix-4cda0.cloudfunctions.net/cxWebhook","satisfiesPzs":true,"satisfiesPzi":true},"stages":[{"name":"BUILD","state":"NOT_STARTED"},{"name":"SERVICE","state":"NOT_STARTED"}],"operationType":"UPDATE_FUNCTION"},"done":false}
[debug] [2025-10-07T09:41:22.364Z] [update-default-asia-southeast1-cxWebhook] Retrying task index 0
[debug] [2025-10-07T09:41:22.364Z] Checked if tokens are valid: true, expires at: 1759833658650
[debug] [2025-10-07T09:41:22.365Z] Checked if tokens are valid: true, expires at: 1759833658650
[debug] [2025-10-07T09:41:22.365Z] >>> [apiv2][query] GET https://cloudfunctions.googleapis.com/v2/projects/kidflix-4cda0/locations/asia-southeast1/operations/operation-1759830079762-6408e5ec4ef89-62ad22aa-75bc07e7 [none]
[debug] [2025-10-07T09:41:22.494Z] <<< [apiv2][status] GET https://cloudfunctions.googleapis.com/v2/projects/kidflix-4cda0/locations/asia-southeast1/operations/operation-1759830079762-6408e5ec4ef89-62ad22aa-75bc07e7 200
[debug] [2025-10-07T09:41:22.494Z] <<< [apiv2][body] GET https://cloudfunctions.googleapis.com/v2/projects/kidflix-4cda0/locations/asia-southeast1/operations/operation-1759830079762-6408e5ec4ef89-62ad22aa-75bc07e7 {"name":"projects/kidflix-4cda0/locations/asia-southeast1/operations/operation-1759830079762-6408e5ec4ef89-62ad22aa-75bc07e7","metadata":{"@type":"type.googleapis.com/google.cloud.functions.v2.OperationMetadata","createTime":"2025-10-07T09:41:21.099040735Z","target":"projects/kidflix-4cda0/locations/asia-southeast1/functions/cxWebhook","verb":"update","cancelRequested":false,"apiVersion":"v2","requestResource":{"@type":"type.googleapis.com/google.cloud.functions.v2.Function","name":"projects/kidflix-4cda0/locations/asia-southeast1/functions/cxWebhook","buildConfig":{"runtime":"nodejs20","entryPoint":"cxWebhook","source":{"storageSource":{"bucket":"gcf-v2-sources-1057413003684-asia-southeast1","object":"cxWebhook/function-source.zip","generation":"1759830081026320"}},"environmentVariables":{"GOOGLE_NODE_RUN_SCRIPTS":""},"dockerRepository":"projects/kidflix-4cda0/locations/asia-southeast1/repositories/gcf-artifacts","sourceProvenance":{"resolvedStorageSource":{"bucket":"gcf-v2-sources-1057413003684-asia-southeast1","object":"cxWebhook/function-source.zip","generation":"1759826676925350"}},"dockerRegistry":"ARTIFACT_REGISTRY","serviceAccount":"projects/kidflix-4cda0/serviceAccounts/1057413003684-compute@developer.gserviceaccount.com","automaticUpdatePolicy":{}},"serviceConfig":{"service":"projects/kidflix-4cda0/locations/asia-southeast1/services/cxwebhook","timeoutSeconds":60,"environmentVariables":{"FIREBASE_CONFIG":"{\"projectId\":\"kidflix-4cda0\",\"storageBucket\":\"kidflix-4cda0.firebasestorage.app\"}","GCLOUD_PROJECT":"kidflix-4cda0","EVENTARC_CLOUD_EVENT_SOURCE":"projects/kidflix-4cda0/locations/asia-southeast1/services/cxWebhook","FUNCTION_TARGET":"cxWebhook","LOG_EXECUTION_ID":"true"},"ingressSettings":"ALLOW_ALL","uri":"https://cxwebhook-5lipmd53fq-as.a.run.app","serviceAccountEmail":"1057413003684-compute@developer.gserviceaccount.com","availableMemory":"256Mi","allTrafficOnLatestRevision":true,"secretEnvironmentVariables":[{"key":"BOOKS_API_KEY","projectId":"kidflix-4cda0","secret":"BOOKS_API_KEY","version":"4"},{"key":"YOUTUBE_API_KEY","projectId":"kidflix-4cda0","secret":"YOUTUBE_API_KEY","version":"3"},{"key":"APP_API_BASE","projectId":"kidflix-4cda0","secret":"APP_API_BASE","version":"2"}],"revision":"cxwebhook-00043-wes","maxInstanceRequestConcurrency":80,"availableCpu":"1"},"state":"ACTIVE","labels":{"deployment-tool":"cli-firebase","firebase-functions-hash":"e1edb8653da021614e1b686b05928b37a78a3d48"},"environment":"GEN_2","url":"https://asia-southeast1-kidflix-4cda0.cloudfunctions.net/cxWebhook","satisfiesPzs":true,"satisfiesPzi":true},"stages":[{"name":"BUILD","state":"NOT_STARTED"},{"name":"SERVICE","state":"NOT_STARTED"}],"operationType":"UPDATE_FUNCTION"},"done":false}
[debug] [2025-10-07T09:41:23.508Z] [update-default-asia-southeast1-cxWebhook] Retrying task index 0
[debug] [2025-10-07T09:41:23.509Z] Checked if tokens are valid: true, expires at: 1759833658650
[debug] [2025-10-07T09:41:23.509Z] Checked if tokens are valid: true, expires at: 1759833658650
[debug] [2025-10-07T09:41:23.509Z] >>> [apiv2][query] GET https://cloudfunctions.googleapis.com/v2/projects/kidflix-4cda0/locations/asia-southeast1/operations/operation-1759830079762-6408e5ec4ef89-62ad22aa-75bc07e7 [none]
[debug] [2025-10-07T09:41:23.590Z] <<< [apiv2][status] GET https://cloudfunctions.googleapis.com/v2/projects/kidflix-4cda0/locations/asia-southeast1/operations/operation-1759830079762-6408e5ec4ef89-62ad22aa-75bc07e7 200
[debug] [2025-10-07T09:41:23.590Z] <<< [apiv2][body] GET https://cloudfunctions.googleapis.com/v2/projects/kidflix-4cda0/locations/asia-southeast1/operations/operation-1759830079762-6408e5ec4ef89-62ad22aa-75bc07e7 {"name":"projects/kidflix-4cda0/locations/asia-southeast1/operations/operation-1759830079762-6408e5ec4ef89-62ad22aa-75bc07e7","metadata":{"@type":"type.googleapis.com/google.cloud.functions.v2.OperationMetadata","createTime":"2025-10-07T09:41:21.099040735Z","target":"projects/kidflix-4cda0/locations/asia-southeast1/functions/cxWebhook","verb":"update","cancelRequested":false,"apiVersion":"v2","requestResource":{"@type":"type.googleapis.com/google.cloud.functions.v2.Function","name":"projects/kidflix-4cda0/locations/asia-southeast1/functions/cxWebhook","buildConfig":{"runtime":"nodejs20","entryPoint":"cxWebhook","source":{"storageSource":{"bucket":"gcf-v2-sources-1057413003684-asia-southeast1","object":"cxWebhook/function-source.zip","generation":"1759830081026320"}},"environmentVariables":{"GOOGLE_NODE_RUN_SCRIPTS":""},"dockerRepository":"projects/kidflix-4cda0/locations/asia-southeast1/repositories/gcf-artifacts","sourceProvenance":{"resolvedStorageSource":{"bucket":"gcf-v2-sources-1057413003684-asia-southeast1","object":"cxWebhook/function-source.zip","generation":"1759826676925350"}},"dockerRegistry":"ARTIFACT_REGISTRY","serviceAccount":"projects/kidflix-4cda0/serviceAccounts/1057413003684-compute@developer.gserviceaccount.com","automaticUpdatePolicy":{}},"serviceConfig":{"service":"projects/kidflix-4cda0/locations/asia-southeast1/services/cxwebhook","timeoutSeconds":60,"environmentVariables":{"FIREBASE_CONFIG":"{\"projectId\":\"kidflix-4cda0\",\"storageBucket\":\"kidflix-4cda0.firebasestorage.app\"}","GCLOUD_PROJECT":"kidflix-4cda0","EVENTARC_CLOUD_EVENT_SOURCE":"projects/kidflix-4cda0/locations/asia-southeast1/services/cxWebhook","FUNCTION_TARGET":"cxWebhook","LOG_EXECUTION_ID":"true"},"ingressSettings":"ALLOW_ALL","uri":"https://cxwebhook-5lipmd53fq-as.a.run.app","serviceAccountEmail":"1057413003684-compute@developer.gserviceaccount.com","availableMemory":"256Mi","allTrafficOnLatestRevision":true,"secretEnvironmentVariables":[{"key":"BOOKS_API_KEY","projectId":"kidflix-4cda0","secret":"BOOKS_API_KEY","version":"4"},{"key":"YOUTUBE_API_KEY","projectId":"kidflix-4cda0","secret":"YOUTUBE_API_KEY","version":"3"},{"key":"APP_API_BASE","projectId":"kidflix-4cda0","secret":"APP_API_BASE","version":"2"}],"revision":"cxwebhook-00043-wes","maxInstanceRequestConcurrency":80,"availableCpu":"1"},"state":"ACTIVE","labels":{"deployment-tool":"cli-firebase","firebase-functions-hash":"e1edb8653da021614e1b686b05928b37a78a3d48"},"environment":"GEN_2","url":"https://asia-southeast1-kidflix-4cda0.cloudfunctions.net/cxWebhook","satisfiesPzs":true,"satisfiesPzi":true},"stages":[{"name":"BUILD","message":"Creating build","state":"IN_PROGRESS","resource":"projects/1057413003684/locations/asia-southeast1/builds/3f5803b9-cbf9-45a7-b36f-b24a67a77b0e","resourceUri":"https://console.cloud.google.com/cloud-build/builds;region=asia-southeast1/3f5803b9-cbf9-45a7-b36f-b24a67a77b0e?project=1057413003684"},{"name":"SERVICE","state":"NOT_STARTED"}],"operationType":"UPDATE_FUNCTION","buildName":"projects/1057413003684/locations/asia-southeast1/builds/3f5803b9-cbf9-45a7-b36f-b24a67a77b0e"},"done":false}
[debug] [2025-10-07T09:41:25.596Z] [update-default-asia-southeast1-cxWebhook] Retrying task index 0
[debug] [2025-10-07T09:41:25.596Z] Checked if tokens are valid: true, expires at: 1759833658650
[debug] [2025-10-07T09:41:25.597Z] Checked if tokens are valid: true, expires at: 1759833658650
[debug] [2025-10-07T09:41:25.597Z] >>> [apiv2][query] GET https://cloudfunctions.googleapis.com/v2/projects/kidflix-4cda0/locations/asia-southeast1/operations/operation-1759830079762-6408e5ec4ef89-62ad22aa-75bc07e7 [none]
[debug] [2025-10-07T09:41:25.691Z] <<< [apiv2][status] GET https://cloudfunctions.googleapis.com/v2/projects/kidflix-4cda0/locations/asia-southeast1/operations/operation-1759830079762-6408e5ec4ef89-62ad22aa-75bc07e7 200
[debug] [2025-10-07T09:41:25.692Z] <<< [apiv2][body] GET https://cloudfunctions.googleapis.com/v2/projects/kidflix-4cda0/locations/asia-southeast1/operations/operation-1759830079762-6408e5ec4ef89-62ad22aa-75bc07e7 {"name":"projects/kidflix-4cda0/locations/asia-southeast1/operations/operation-1759830079762-6408e5ec4ef89-62ad22aa-75bc07e7","metadata":{"@type":"type.googleapis.com/google.cloud.functions.v2.OperationMetadata","createTime":"2025-10-07T09:41:21.099040735Z","target":"projects/kidflix-4cda0/locations/asia-southeast1/functions/cxWebhook","verb":"update","cancelRequested":false,"apiVersion":"v2","requestResource":{"@type":"type.googleapis.com/google.cloud.functions.v2.Function","name":"projects/kidflix-4cda0/locations/asia-southeast1/functions/cxWebhook","buildConfig":{"runtime":"nodejs20","entryPoint":"cxWebhook","source":{"storageSource":{"bucket":"gcf-v2-sources-1057413003684-asia-southeast1","object":"cxWebhook/function-source.zip","generation":"1759830081026320"}},"environmentVariables":{"GOOGLE_NODE_RUN_SCRIPTS":""},"dockerRepository":"projects/kidflix-4cda0/locations/asia-southeast1/repositories/gcf-artifacts","sourceProvenance":{"resolvedStorageSource":{"bucket":"gcf-v2-sources-1057413003684-asia-southeast1","object":"cxWebhook/function-source.zip","generation":"1759826676925350"}},"dockerRegistry":"ARTIFACT_REGISTRY","serviceAccount":"projects/kidflix-4cda0/serviceAccounts/1057413003684-compute@developer.gserviceaccount.com","automaticUpdatePolicy":{}},"serviceConfig":{"service":"projects/kidflix-4cda0/locations/asia-southeast1/services/cxwebhook","timeoutSeconds":60,"environmentVariables":{"FIREBASE_CONFIG":"{\"projectId\":\"kidflix-4cda0\",\"storageBucket\":\"kidflix-4cda0.firebasestorage.app\"}","GCLOUD_PROJECT":"kidflix-4cda0","EVENTARC_CLOUD_EVENT_SOURCE":"projects/kidflix-4cda0/locations/asia-southeast1/services/cxWebhook","FUNCTION_TARGET":"cxWebhook","LOG_EXECUTION_ID":"true"},"ingressSettings":"ALLOW_ALL","uri":"https://cxwebhook-5lipmd53fq-as.a.run.app","serviceAccountEmail":"1057413003684-compute@developer.gserviceaccount.com","availableMemory":"256Mi","allTrafficOnLatestRevision":true,"secretEnvironmentVariables":[{"key":"BOOKS_API_KEY","projectId":"kidflix-4cda0","secret":"BOOKS_API_KEY","version":"4"},{"key":"YOUTUBE_API_KEY","projectId":"kidflix-4cda0","secret":"YOUTUBE_API_KEY","version":"3"},{"key":"APP_API_BASE","projectId":"kidflix-4cda0","secret":"APP_API_BASE","version":"2"}],"revision":"cxwebhook-00043-wes","maxInstanceRequestConcurrency":80,"availableCpu":"1"},"state":"ACTIVE","labels":{"deployment-tool":"cli-firebase","firebase-functions-hash":"e1edb8653da021614e1b686b05928b37a78a3d48"},"environment":"GEN_2","url":"https://asia-southeast1-kidflix-4cda0.cloudfunctions.net/cxWebhook","satisfiesPzs":true,"satisfiesPzi":true},"stages":[{"name":"BUILD","message":"Build in progress","state":"IN_PROGRESS","resource":"projects/1057413003684/locations/asia-southeast1/builds/3f5803b9-cbf9-45a7-b36f-b24a67a77b0e","resourceUri":"https://console.cloud.google.com/cloud-build/builds;region=asia-southeast1/3f5803b9-cbf9-45a7-b36f-b24a67a77b0e?project=1057413003684"},{"name":"SERVICE","state":"NOT_STARTED"}],"operationType":"UPDATE_FUNCTION","buildName":"projects/1057413003684/locations/asia-southeast1/builds/3f5803b9-cbf9-45a7-b36f-b24a67a77b0e"},"done":false}
[debug] [2025-10-07T09:41:29.696Z] [update-default-asia-southeast1-cxWebhook] Retrying task index 0
[debug] [2025-10-07T09:41:29.697Z] Checked if tokens are valid: true, expires at: 1759833658650
[debug] [2025-10-07T09:41:29.697Z] Checked if tokens are valid: true, expires at: 1759833658650
[debug] [2025-10-07T09:41:29.697Z] >>> [apiv2][query] GET https://cloudfunctions.googleapis.com/v2/projects/kidflix-4cda0/locations/asia-southeast1/operations/operation-1759830079762-6408e5ec4ef89-62ad22aa-75bc07e7 [none]
[debug] [2025-10-07T09:41:29.755Z] <<< [apiv2][status] GET https://cloudfunctions.googleapis.com/v2/projects/kidflix-4cda0/locations/asia-southeast1/operations/operation-1759830079762-6408e5ec4ef89-62ad22aa-75bc07e7 200
[debug] [2025-10-07T09:41:29.755Z] <<< [apiv2][body] GET https://cloudfunctions.googleapis.com/v2/projects/kidflix-4cda0/locations/asia-southeast1/operations/operation-1759830079762-6408e5ec4ef89-62ad22aa-75bc07e7 {"name":"projects/kidflix-4cda0/locations/asia-southeast1/operations/operation-1759830079762-6408e5ec4ef89-62ad22aa-75bc07e7","metadata":{"@type":"type.googleapis.com/google.cloud.functions.v2.OperationMetadata","createTime":"2025-10-07T09:41:21.099040735Z","target":"projects/kidflix-4cda0/locations/asia-southeast1/functions/cxWebhook","verb":"update","cancelRequested":false,"apiVersion":"v2","requestResource":{"@type":"type.googleapis.com/google.cloud.functions.v2.Function","name":"projects/kidflix-4cda0/locations/asia-southeast1/functions/cxWebhook","buildConfig":{"runtime":"nodejs20","entryPoint":"cxWebhook","source":{"storageSource":{"bucket":"gcf-v2-sources-1057413003684-asia-southeast1","object":"cxWebhook/function-source.zip","generation":"1759830081026320"}},"environmentVariables":{"GOOGLE_NODE_RUN_SCRIPTS":""},"dockerRepository":"projects/kidflix-4cda0/locations/asia-southeast1/repositories/gcf-artifacts","sourceProvenance":{"resolvedStorageSource":{"bucket":"gcf-v2-sources-1057413003684-asia-southeast1","object":"cxWebhook/function-source.zip","generation":"1759826676925350"}},"dockerRegistry":"ARTIFACT_REGISTRY","serviceAccount":"projects/kidflix-4cda0/serviceAccounts/1057413003684-compute@developer.gserviceaccount.com","automaticUpdatePolicy":{}},"serviceConfig":{"service":"projects/kidflix-4cda0/locations/asia-southeast1/services/cxwebhook","timeoutSeconds":60,"environmentVariables":{"FIREBASE_CONFIG":"{\"projectId\":\"kidflix-4cda0\",\"storageBucket\":\"kidflix-4cda0.firebasestorage.app\"}","GCLOUD_PROJECT":"kidflix-4cda0","EVENTARC_CLOUD_EVENT_SOURCE":"projects/kidflix-4cda0/locations/asia-southeast1/services/cxWebhook","FUNCTION_TARGET":"cxWebhook","LOG_EXECUTION_ID":"true"},"ingressSettings":"ALLOW_ALL","uri":"https://cxwebhook-5lipmd53fq-as.a.run.app","serviceAccountEmail":"1057413003684-compute@developer.gserviceaccount.com","availableMemory":"256Mi","allTrafficOnLatestRevision":true,"secretEnvironmentVariables":[{"key":"BOOKS_API_KEY","projectId":"kidflix-4cda0","secret":"BOOKS_API_KEY","version":"4"},{"key":"YOUTUBE_API_KEY","projectId":"kidflix-4cda0","secret":"YOUTUBE_API_KEY","version":"3"},{"key":"APP_API_BASE","projectId":"kidflix-4cda0","secret":"APP_API_BASE","version":"2"}],"revision":"cxwebhook-00043-wes","maxInstanceRequestConcurrency":80,"availableCpu":"1"},"state":"ACTIVE","labels":{"deployment-tool":"cli-firebase","firebase-functions-hash":"e1edb8653da021614e1b686b05928b37a78a3d48"},"environment":"GEN_2","url":"https://asia-southeast1-kidflix-4cda0.cloudfunctions.net/cxWebhook","satisfiesPzs":true,"satisfiesPzi":true},"stages":[{"name":"BUILD","message":"Build in progress","state":"IN_PROGRESS","resource":"projects/1057413003684/locations/asia-southeast1/builds/3f5803b9-cbf9-45a7-b36f-b24a67a77b0e","resourceUri":"https://console.cloud.google.com/cloud-build/builds;region=asia-southeast1/3f5803b9-cbf9-45a7-b36f-b24a67a77b0e?project=1057413003684"},{"name":"SERVICE","state":"NOT_STARTED"}],"operationType":"UPDATE_FUNCTION","buildName":"projects/1057413003684/locations/asia-southeast1/builds/3f5803b9-cbf9-45a7-b36f-b24a67a77b0e"},"done":false}
[debug] [2025-10-07T09:41:37.757Z] [update-default-asia-southeast1-cxWebhook] Retrying task index 0
[debug] [2025-10-07T09:41:37.758Z] Checked if tokens are valid: true, expires at: 1759833658650
[debug] [2025-10-07T09:41:37.758Z] Checked if tokens are valid: true, expires at: 1759833658650
[debug] [2025-10-07T09:41:37.759Z] >>> [apiv2][query] GET https://cloudfunctions.googleapis.com/v2/projects/kidflix-4cda0/locations/asia-southeast1/operations/operation-1759830079762-6408e5ec4ef89-62ad22aa-75bc07e7 [none]
[debug] [2025-10-07T09:41:37.967Z] <<< [apiv2][status] GET https://cloudfunctions.googleapis.com/v2/projects/kidflix-4cda0/locations/asia-southeast1/operations/operation-1759830079762-6408e5ec4ef89-62ad22aa-75bc07e7 200
[debug] [2025-10-07T09:41:37.967Z] <<< [apiv2][body] GET https://cloudfunctions.googleapis.com/v2/projects/kidflix-4cda0/locations/asia-southeast1/operations/operation-1759830079762-6408e5ec4ef89-62ad22aa-75bc07e7 {"name":"projects/kidflix-4cda0/locations/asia-southeast1/operations/operation-1759830079762-6408e5ec4ef89-62ad22aa-75bc07e7","metadata":{"@type":"type.googleapis.com/google.cloud.functions.v2.OperationMetadata","createTime":"2025-10-07T09:41:21.099040735Z","target":"projects/kidflix-4cda0/locations/asia-southeast1/functions/cxWebhook","verb":"update","cancelRequested":false,"apiVersion":"v2","requestResource":{"@type":"type.googleapis.com/google.cloud.functions.v2.Function","name":"projects/kidflix-4cda0/locations/asia-southeast1/functions/cxWebhook","buildConfig":{"runtime":"nodejs20","entryPoint":"cxWebhook","source":{"storageSource":{"bucket":"gcf-v2-sources-1057413003684-asia-southeast1","object":"cxWebhook/function-source.zip","generation":"1759830081026320"}},"environmentVariables":{"GOOGLE_NODE_RUN_SCRIPTS":""},"dockerRepository":"projects/kidflix-4cda0/locations/asia-southeast1/repositories/gcf-artifacts","sourceProvenance":{"resolvedStorageSource":{"bucket":"gcf-v2-sources-1057413003684-asia-southeast1","object":"cxWebhook/function-source.zip","generation":"1759826676925350"}},"dockerRegistry":"ARTIFACT_REGISTRY","serviceAccount":"projects/kidflix-4cda0/serviceAccounts/1057413003684-compute@developer.gserviceaccount.com","automaticUpdatePolicy":{}},"serviceConfig":{"service":"projects/kidflix-4cda0/locations/asia-southeast1/services/cxwebhook","timeoutSeconds":60,"environmentVariables":{"FIREBASE_CONFIG":"{\"projectId\":\"kidflix-4cda0\",\"storageBucket\":\"kidflix-4cda0.firebasestorage.app\"}","GCLOUD_PROJECT":"kidflix-4cda0","EVENTARC_CLOUD_EVENT_SOURCE":"projects/kidflix-4cda0/locations/asia-southeast1/services/cxWebhook","FUNCTION_TARGET":"cxWebhook","LOG_EXECUTION_ID":"true"},"ingressSettings":"ALLOW_ALL","uri":"https://cxwebhook-5lipmd53fq-as.a.run.app","serviceAccountEmail":"1057413003684-compute@developer.gserviceaccount.com","availableMemory":"256Mi","allTrafficOnLatestRevision":true,"secretEnvironmentVariables":[{"key":"BOOKS_API_KEY","projectId":"kidflix-4cda0","secret":"BOOKS_API_KEY","version":"4"},{"key":"YOUTUBE_API_KEY","projectId":"kidflix-4cda0","secret":"YOUTUBE_API_KEY","version":"3"},{"key":"APP_API_BASE","projectId":"kidflix-4cda0","secret":"APP_API_BASE","version":"2"}],"revision":"cxwebhook-00043-wes","maxInstanceRequestConcurrency":80,"availableCpu":"1"},"state":"ACTIVE","labels":{"deployment-tool":"cli-firebase","firebase-functions-hash":"e1edb8653da021614e1b686b05928b37a78a3d48"},"environment":"GEN_2","url":"https://asia-southeast1-kidflix-4cda0.cloudfunctions.net/cxWebhook","satisfiesPzs":true,"satisfiesPzi":true},"stages":[{"name":"BUILD","message":"Build in progress","state":"IN_PROGRESS","resource":"projects/1057413003684/locations/asia-southeast1/builds/3f5803b9-cbf9-45a7-b36f-b24a67a77b0e","resourceUri":"https://console.cloud.google.com/cloud-build/builds;region=asia-southeast1/3f5803b9-cbf9-45a7-b36f-b24a67a77b0e?project=1057413003684"},{"name":"SERVICE","state":"NOT_STARTED"}],"operationType":"UPDATE_FUNCTION","buildName":"projects/1057413003684/locations/asia-southeast1/builds/3f5803b9-cbf9-45a7-b36f-b24a67a77b0e"},"done":false}
[debug] [2025-10-07T09:41:47.982Z] [update-default-asia-southeast1-cxWebhook] Retrying task index 0
[debug] [2025-10-07T09:41:47.983Z] Checked if tokens are valid: true, expires at: 1759833658650
[debug] [2025-10-07T09:41:47.984Z] Checked if tokens are valid: true, expires at: 1759833658650
[debug] [2025-10-07T09:41:47.984Z] >>> [apiv2][query] GET https://cloudfunctions.googleapis.com/v2/projects/kidflix-4cda0/locations/asia-southeast1/operations/operation-1759830079762-6408e5ec4ef89-62ad22aa-75bc07e7 [none]
[debug] [2025-10-07T09:41:48.188Z] <<< [apiv2][status] GET https://cloudfunctions.googleapis.com/v2/projects/kidflix-4cda0/locations/asia-southeast1/operations/operation-1759830079762-6408e5ec4ef89-62ad22aa-75bc07e7 200
[debug] [2025-10-07T09:41:48.188Z] <<< [apiv2][body] GET https://cloudfunctions.googleapis.com/v2/projects/kidflix-4cda0/locations/asia-southeast1/operations/operation-1759830079762-6408e5ec4ef89-62ad22aa-75bc07e7 {"name":"projects/kidflix-4cda0/locations/asia-southeast1/operations/operation-1759830079762-6408e5ec4ef89-62ad22aa-75bc07e7","metadata":{"@type":"type.googleapis.com/google.cloud.functions.v2.OperationMetadata","createTime":"2025-10-07T09:41:21.099040735Z","target":"projects/kidflix-4cda0/locations/asia-southeast1/functions/cxWebhook","verb":"update","cancelRequested":false,"apiVersion":"v2","requestResource":{"@type":"type.googleapis.com/google.cloud.functions.v2.Function","name":"projects/kidflix-4cda0/locations/asia-southeast1/functions/cxWebhook","buildConfig":{"runtime":"nodejs20","entryPoint":"cxWebhook","source":{"storageSource":{"bucket":"gcf-v2-sources-1057413003684-asia-southeast1","object":"cxWebhook/function-source.zip","generation":"1759830081026320"}},"environmentVariables":{"GOOGLE_NODE_RUN_SCRIPTS":""},"dockerRepository":"projects/kidflix-4cda0/locations/asia-southeast1/repositories/gcf-artifacts","sourceProvenance":{"resolvedStorageSource":{"bucket":"gcf-v2-sources-1057413003684-asia-southeast1","object":"cxWebhook/function-source.zip","generation":"1759826676925350"}},"dockerRegistry":"ARTIFACT_REGISTRY","serviceAccount":"projects/kidflix-4cda0/serviceAccounts/1057413003684-compute@developer.gserviceaccount.com","automaticUpdatePolicy":{}},"serviceConfig":{"service":"projects/kidflix-4cda0/locations/asia-southeast1/services/cxwebhook","timeoutSeconds":60,"environmentVariables":{"FIREBASE_CONFIG":"{\"projectId\":\"kidflix-4cda0\",\"storageBucket\":\"kidflix-4cda0.firebasestorage.app\"}","GCLOUD_PROJECT":"kidflix-4cda0","EVENTARC_CLOUD_EVENT_SOURCE":"projects/kidflix-4cda0/locations/asia-southeast1/services/cxWebhook","FUNCTION_TARGET":"cxWebhook","LOG_EXECUTION_ID":"true"},"ingressSettings":"ALLOW_ALL","uri":"https://cxwebhook-5lipmd53fq-as.a.run.app","serviceAccountEmail":"1057413003684-compute@developer.gserviceaccount.com","availableMemory":"256Mi","allTrafficOnLatestRevision":true,"secretEnvironmentVariables":[{"key":"BOOKS_API_KEY","projectId":"kidflix-4cda0","secret":"BOOKS_API_KEY","version":"4"},{"key":"YOUTUBE_API_KEY","projectId":"kidflix-4cda0","secret":"YOUTUBE_API_KEY","version":"3"},{"key":"APP_API_BASE","projectId":"kidflix-4cda0","secret":"APP_API_BASE","version":"2"}],"revision":"cxwebhook-00043-wes","maxInstanceRequestConcurrency":80,"availableCpu":"1"},"state":"ACTIVE","labels":{"deployment-tool":"cli-firebase","firebase-functions-hash":"e1edb8653da021614e1b686b05928b37a78a3d48"},"environment":"GEN_2","url":"https://asia-southeast1-kidflix-4cda0.cloudfunctions.net/cxWebhook","satisfiesPzs":true,"satisfiesPzi":true},"stages":[{"name":"BUILD","message":"Build in progress","state":"IN_PROGRESS","resource":"projects/1057413003684/locations/asia-southeast1/builds/3f5803b9-cbf9-45a7-b36f-b24a67a77b0e","resourceUri":"https://console.cloud.google.com/cloud-build/builds;region=asia-southeast1/3f5803b9-cbf9-45a7-b36f-b24a67a77b0e?project=1057413003684"},{"name":"SERVICE","state":"NOT_STARTED"}],"operationType":"UPDATE_FUNCTION","buildName":"projects/1057413003684/locations/asia-southeast1/builds/3f5803b9-cbf9-45a7-b36f-b24a67a77b0e"},"done":false}
[debug] [2025-10-07T09:41:58.199Z] [update-default-asia-southeast1-cxWebhook] Retrying task index 0
[debug] [2025-10-07T09:41:58.199Z] Checked if tokens are valid: true, expires at: 1759833658650
[debug] [2025-10-07T09:41:58.199Z] Checked if tokens are valid: true, expires at: 1759833658650
[debug] [2025-10-07T09:41:58.199Z] >>> [apiv2][query] GET https://cloudfunctions.googleapis.com/v2/projects/kidflix-4cda0/locations/asia-southeast1/operations/operation-1759830079762-6408e5ec4ef89-62ad22aa-75bc07e7 [none]
[debug] [2025-10-07T09:41:58.417Z] <<< [apiv2][status] GET https://cloudfunctions.googleapis.com/v2/projects/kidflix-4cda0/locations/asia-southeast1/operations/operation-1759830079762-6408e5ec4ef89-62ad22aa-75bc07e7 200
[debug] [2025-10-07T09:41:58.417Z] <<< [apiv2][body] GET https://cloudfunctions.googleapis.com/v2/projects/kidflix-4cda0/locations/asia-southeast1/operations/operation-1759830079762-6408e5ec4ef89-62ad22aa-75bc07e7 {"name":"projects/kidflix-4cda0/locations/asia-southeast1/operations/operation-1759830079762-6408e5ec4ef89-62ad22aa-75bc07e7","metadata":{"@type":"type.googleapis.com/google.cloud.functions.v2.OperationMetadata","createTime":"2025-10-07T09:41:21.099040735Z","target":"projects/kidflix-4cda0/locations/asia-southeast1/functions/cxWebhook","verb":"update","cancelRequested":false,"apiVersion":"v2","requestResource":{"@type":"type.googleapis.com/google.cloud.functions.v2.Function","name":"projects/kidflix-4cda0/locations/asia-southeast1/functions/cxWebhook","buildConfig":{"runtime":"nodejs20","entryPoint":"cxWebhook","source":{"storageSource":{"bucket":"gcf-v2-sources-1057413003684-asia-southeast1","object":"cxWebhook/function-source.zip","generation":"1759830081026320"}},"environmentVariables":{"GOOGLE_NODE_RUN_SCRIPTS":""},"dockerRepository":"projects/kidflix-4cda0/locations/asia-southeast1/repositories/gcf-artifacts","sourceProvenance":{"resolvedStorageSource":{"bucket":"gcf-v2-sources-1057413003684-asia-southeast1","object":"cxWebhook/function-source.zip","generation":"1759826676925350"}},"dockerRegistry":"ARTIFACT_REGISTRY","serviceAccount":"projects/kidflix-4cda0/serviceAccounts/1057413003684-compute@developer.gserviceaccount.com","automaticUpdatePolicy":{}},"serviceConfig":{"service":"projects/kidflix-4cda0/locations/asia-southeast1/services/cxwebhook","timeoutSeconds":60,"environmentVariables":{"FIREBASE_CONFIG":"{\"projectId\":\"kidflix-4cda0\",\"storageBucket\":\"kidflix-4cda0.firebasestorage.app\"}","GCLOUD_PROJECT":"kidflix-4cda0","EVENTARC_CLOUD_EVENT_SOURCE":"projects/kidflix-4cda0/locations/asia-southeast1/services/cxWebhook","FUNCTION_TARGET":"cxWebhook","LOG_EXECUTION_ID":"true"},"ingressSettings":"ALLOW_ALL","uri":"https://cxwebhook-5lipmd53fq-as.a.run.app","serviceAccountEmail":"1057413003684-compute@developer.gserviceaccount.com","availableMemory":"256Mi","allTrafficOnLatestRevision":true,"secretEnvironmentVariables":[{"key":"BOOKS_API_KEY","projectId":"kidflix-4cda0","secret":"BOOKS_API_KEY","version":"4"},{"key":"YOUTUBE_API_KEY","projectId":"kidflix-4cda0","secret":"YOUTUBE_API_KEY","version":"3"},{"key":"APP_API_BASE","projectId":"kidflix-4cda0","secret":"APP_API_BASE","version":"2"}],"revision":"cxwebhook-00043-wes","maxInstanceRequestConcurrency":80,"availableCpu":"1"},"state":"ACTIVE","labels":{"deployment-tool":"cli-firebase","firebase-functions-hash":"e1edb8653da021614e1b686b05928b37a78a3d48"},"environment":"GEN_2","url":"https://asia-southeast1-kidflix-4cda0.cloudfunctions.net/cxWebhook","satisfiesPzs":true,"satisfiesPzi":true},"stages":[{"name":"BUILD","message":"Build in progress","state":"IN_PROGRESS","resource":"projects/1057413003684/locations/asia-southeast1/builds/3f5803b9-cbf9-45a7-b36f-b24a67a77b0e","resourceUri":"https://console.cloud.google.com/cloud-build/builds;region=asia-southeast1/3f5803b9-cbf9-45a7-b36f-b24a67a77b0e?project=1057413003684"},{"name":"SERVICE","state":"NOT_STARTED"}],"operationType":"UPDATE_FUNCTION","buildName":"projects/1057413003684/locations/asia-southeast1/builds/3f5803b9-cbf9-45a7-b36f-b24a67a77b0e"},"done":false}
[debug] [2025-10-07T09:42:08.421Z] [update-default-asia-southeast1-cxWebhook] Retrying task index 0
[debug] [2025-10-07T09:42:08.421Z] Checked if tokens are valid: true, expires at: 1759833658650
[debug] [2025-10-07T09:42:08.422Z] Checked if tokens are valid: true, expires at: 1759833658650
[debug] [2025-10-07T09:42:08.422Z] >>> [apiv2][query] GET https://cloudfunctions.googleapis.com/v2/projects/kidflix-4cda0/locations/asia-southeast1/operations/operation-1759830079762-6408e5ec4ef89-62ad22aa-75bc07e7 [none]
[debug] [2025-10-07T09:42:08.602Z] <<< [apiv2][status] GET https://cloudfunctions.googleapis.com/v2/projects/kidflix-4cda0/locations/asia-southeast1/operations/operation-1759830079762-6408e5ec4ef89-62ad22aa-75bc07e7 200
[debug] [2025-10-07T09:42:08.602Z] <<< [apiv2][body] GET https://cloudfunctions.googleapis.com/v2/projects/kidflix-4cda0/locations/asia-southeast1/operations/operation-1759830079762-6408e5ec4ef89-62ad22aa-75bc07e7 {"name":"projects/kidflix-4cda0/locations/asia-southeast1/operations/operation-1759830079762-6408e5ec4ef89-62ad22aa-75bc07e7","metadata":{"@type":"type.googleapis.com/google.cloud.functions.v2.OperationMetadata","createTime":"2025-10-07T09:41:21.099040735Z","target":"projects/kidflix-4cda0/locations/asia-southeast1/functions/cxWebhook","verb":"update","cancelRequested":false,"apiVersion":"v2","requestResource":{"@type":"type.googleapis.com/google.cloud.functions.v2.Function","name":"projects/kidflix-4cda0/locations/asia-southeast1/functions/cxWebhook","buildConfig":{"runtime":"nodejs20","entryPoint":"cxWebhook","source":{"storageSource":{"bucket":"gcf-v2-sources-1057413003684-asia-southeast1","object":"cxWebhook/function-source.zip","generation":"1759830081026320"}},"environmentVariables":{"GOOGLE_NODE_RUN_SCRIPTS":""},"dockerRepository":"projects/kidflix-4cda0/locations/asia-southeast1/repositories/gcf-artifacts","sourceProvenance":{"resolvedStorageSource":{"bucket":"gcf-v2-sources-1057413003684-asia-southeast1","object":"cxWebhook/function-source.zip","generation":"1759826676925350"}},"dockerRegistry":"ARTIFACT_REGISTRY","serviceAccount":"projects/kidflix-4cda0/serviceAccounts/1057413003684-compute@developer.gserviceaccount.com","automaticUpdatePolicy":{}},"serviceConfig":{"service":"projects/kidflix-4cda0/locations/asia-southeast1/services/cxwebhook","timeoutSeconds":60,"environmentVariables":{"FIREBASE_CONFIG":"{\"projectId\":\"kidflix-4cda0\",\"storageBucket\":\"kidflix-4cda0.firebasestorage.app\"}","GCLOUD_PROJECT":"kidflix-4cda0","EVENTARC_CLOUD_EVENT_SOURCE":"projects/kidflix-4cda0/locations/asia-southeast1/services/cxWebhook","FUNCTION_TARGET":"cxWebhook","LOG_EXECUTION_ID":"true"},"ingressSettings":"ALLOW_ALL","uri":"https://cxwebhook-5lipmd53fq-as.a.run.app","serviceAccountEmail":"1057413003684-compute@developer.gserviceaccount.com","availableMemory":"256Mi","allTrafficOnLatestRevision":true,"secretEnvironmentVariables":[{"key":"BOOKS_API_KEY","projectId":"kidflix-4cda0","secret":"BOOKS_API_KEY","version":"4"},{"key":"YOUTUBE_API_KEY","projectId":"kidflix-4cda0","secret":"YOUTUBE_API_KEY","version":"3"},{"key":"APP_API_BASE","projectId":"kidflix-4cda0","secret":"APP_API_BASE","version":"2"}],"revision":"cxwebhook-00043-wes","maxInstanceRequestConcurrency":80,"availableCpu":"1"},"state":"ACTIVE","labels":{"deployment-tool":"cli-firebase","firebase-functions-hash":"e1edb8653da021614e1b686b05928b37a78a3d48"},"environment":"GEN_2","url":"https://asia-southeast1-kidflix-4cda0.cloudfunctions.net/cxWebhook","satisfiesPzs":true,"satisfiesPzi":true},"stages":[{"name":"BUILD","message":"Build in progress","state":"IN_PROGRESS","resource":"projects/1057413003684/locations/asia-southeast1/builds/3f5803b9-cbf9-45a7-b36f-b24a67a77b0e","resourceUri":"https://console.cloud.google.com/cloud-build/builds;region=asia-southeast1/3f5803b9-cbf9-45a7-b36f-b24a67a77b0e?project=1057413003684"},{"name":"SERVICE","state":"NOT_STARTED"}],"operationType":"UPDATE_FUNCTION","buildName":"projects/1057413003684/locations/asia-southeast1/builds/3f5803b9-cbf9-45a7-b36f-b24a67a77b0e"},"done":false}
[debug] [2025-10-07T09:42:18.616Z] [update-default-asia-southeast1-cxWebhook] Retrying task index 0
[debug] [2025-10-07T09:42:18.616Z] Checked if tokens are valid: true, expires at: 1759833658650
[debug] [2025-10-07T09:42:18.616Z] Checked if tokens are valid: true, expires at: 1759833658650
[debug] [2025-10-07T09:42:18.617Z] >>> [apiv2][query] GET https://cloudfunctions.googleapis.com/v2/projects/kidflix-4cda0/locations/asia-southeast1/operations/operation-1759830079762-6408e5ec4ef89-62ad22aa-75bc07e7 [none]
[debug] [2025-10-07T09:42:18.764Z] <<< [apiv2][status] GET https://cloudfunctions.googleapis.com/v2/projects/kidflix-4cda0/locations/asia-southeast1/operations/operation-1759830079762-6408e5ec4ef89-62ad22aa-75bc07e7 200
[debug] [2025-10-07T09:42:18.765Z] <<< [apiv2][body] GET https://cloudfunctions.googleapis.com/v2/projects/kidflix-4cda0/locations/asia-southeast1/operations/operation-1759830079762-6408e5ec4ef89-62ad22aa-75bc07e7 {"name":"projects/kidflix-4cda0/locations/asia-southeast1/operations/operation-1759830079762-6408e5ec4ef89-62ad22aa-75bc07e7","metadata":{"@type":"type.googleapis.com/google.cloud.functions.v2.OperationMetadata","createTime":"2025-10-07T09:41:21.099040735Z","endTime":"2025-10-07T09:42:09.716159985Z","target":"projects/kidflix-4cda0/locations/asia-southeast1/functions/cxWebhook","verb":"update","cancelRequested":false,"apiVersion":"v2","requestResource":{"@type":"type.googleapis.com/google.cloud.functions.v2.Function","name":"projects/kidflix-4cda0/locations/asia-southeast1/functions/cxWebhook","buildConfig":{"runtime":"nodejs20","entryPoint":"cxWebhook","source":{"storageSource":{"bucket":"gcf-v2-sources-1057413003684-asia-southeast1","object":"cxWebhook/function-source.zip","generation":"1759830081026320"}},"environmentVariables":{"GOOGLE_NODE_RUN_SCRIPTS":""},"dockerRepository":"projects/kidflix-4cda0/locations/asia-southeast1/repositories/gcf-artifacts","sourceProvenance":{"resolvedStorageSource":{"bucket":"gcf-v2-sources-1057413003684-asia-southeast1","object":"cxWebhook/function-source.zip","generation":"1759826676925350"}},"dockerRegistry":"ARTIFACT_REGISTRY","serviceAccount":"projects/kidflix-4cda0/serviceAccounts/1057413003684-compute@developer.gserviceaccount.com","automaticUpdatePolicy":{}},"serviceConfig":{"service":"projects/kidflix-4cda0/locations/asia-southeast1/services/cxwebhook","timeoutSeconds":60,"environmentVariables":{"FIREBASE_CONFIG":"{\"projectId\":\"kidflix-4cda0\",\"storageBucket\":\"kidflix-4cda0.firebasestorage.app\"}","GCLOUD_PROJECT":"kidflix-4cda0","EVENTARC_CLOUD_EVENT_SOURCE":"projects/kidflix-4cda0/locations/asia-southeast1/services/cxWebhook","FUNCTION_TARGET":"cxWebhook","LOG_EXECUTION_ID":"true"},"ingressSettings":"ALLOW_ALL","uri":"https://cxwebhook-5lipmd53fq-as.a.run.app","serviceAccountEmail":"1057413003684-compute@developer.gserviceaccount.com","availableMemory":"256Mi","allTrafficOnLatestRevision":true,"secretEnvironmentVariables":[{"key":"BOOKS_API_KEY","projectId":"kidflix-4cda0","secret":"BOOKS_API_KEY","version":"4"},{"key":"YOUTUBE_API_KEY","projectId":"kidflix-4cda0","secret":"YOUTUBE_API_KEY","version":"3"},{"key":"APP_API_BASE","projectId":"kidflix-4cda0","secret":"APP_API_BASE","version":"2"}],"revision":"cxwebhook-00043-wes","maxInstanceRequestConcurrency":80,"availableCpu":"1"},"state":"ACTIVE","labels":{"deployment-tool":"cli-firebase","firebase-functions-hash":"e1edb8653da021614e1b686b05928b37a78a3d48"},"environment":"GEN_2","url":"https://asia-southeast1-kidflix-4cda0.cloudfunctions.net/cxWebhook","satisfiesPzs":true,"satisfiesPzi":true},"stages":[{"name":"SERVICE","state":"NOT_STARTED"}],"operationType":"UPDATE_FUNCTION"},"done":true,"error":{"code":3,"message":"Build failed with status: FAILURE and message: lib/index.js does not exist. For more details see the logs at https://console.cloud.google.com/cloud-build/builds;region=asia-southeast1/3f5803b9-cbf9-45a7-b36f-b24a67a77b0e?project=1057413003684."}}
[debug] [2025-10-07T09:42:18.765Z] Got source token undefined for region asia-southeast1
[error] Build failed with status: FAILURE and message: lib/index.js does not exist. For more details see the logs at https://console.cloud.google.com/cloud-build/builds;region=asia-southeast1/3f5803b9-cbf9-45a7-b36f-b24a67a77b0e?project=1057413003684.
[debug] [2025-10-07T09:42:18.773Z] Total Function Deployment time: 58579
[debug] [2025-10-07T09:42:18.773Z] 1 Functions Deployed
[debug] [2025-10-07T09:42:18.773Z] 1 Functions Errored
[debug] [2025-10-07T09:42:18.773Z] 0 Function Deployments Aborted
[debug] [2025-10-07T09:42:18.773Z] Average Function Deployment time: 58579
[info] 
[info] Functions deploy had errors with the following functions:
	cxWebhook(asia-southeast1)
[debug] [2025-10-07T09:42:18.958Z] Not printing URL for HTTPS function. Typically this means it didn't match a filter or we failed deployment
[debug] [2025-10-07T09:42:18.958Z] Checked if tokens are valid: true, expires at: 1759833658650
[debug] [2025-10-07T09:42:18.958Z] Checked if tokens are valid: true, expires at: 1759833658650
[debug] [2025-10-07T09:42:18.958Z] >>> [apiv2][query] GET https://artifactregistry.googleapis.com/v1/projects/kidflix-4cda0/locations/asia-southeast1/repositories/gcf-artifacts [none]
[debug] [2025-10-07T09:42:19.270Z] <<< [apiv2][status] GET https://artifactregistry.googleapis.com/v1/projects/kidflix-4cda0/locations/asia-southeast1/repositories/gcf-artifacts 200
[debug] [2025-10-07T09:42:19.271Z] <<< [apiv2][body] GET https://artifactregistry.googleapis.com/v1/projects/kidflix-4cda0/locations/asia-southeast1/repositories/gcf-artifacts {"name":"projects/kidflix-4cda0/locations/asia-southeast1/repositories/gcf-artifacts","format":"DOCKER","description":"This repository is created and used by Cloud Functions for storing function docker images.","labels":{"goog-managed-by":"cloudfunctions"},"createTime":"2025-08-14T11:24:02.009602Z","updateTime":"2025-10-07T08:50:46.848057Z","mode":"STANDARD_REPOSITORY","cleanupPolicies":{"firebase-functions-cleanup":{"id":"firebase-functions-cleanup","action":"DELETE","condition":{"tagState":"ANY","olderThan":"86400s"}}},"sizeBytes":"135865943","satisfiesPzs":true,"vulnerabilityScanningConfig":{"lastEnableTime":"2025-08-14T11:23:52.344315928Z","enablementState":"SCANNING_DISABLED","enablementStateReason":"API containerscanning.googleapis.com is not enabled."},"satisfiesPzi":true,"registryUri":"asia-southeast1-docker.pkg.dev/kidflix-4cda0/gcf-artifacts"}
[debug] [2025-10-07T09:42:19.271Z] Functions deploy failed.
[debug] [2025-10-07T09:42:19.271Z] {
  "endpoint": {
    "id": "cxWebhook",
    "project": "kidflix-4cda0",
    "region": "asia-southeast1",
    "entryPoint": "cxWebhook",
    "platform": "gcfv2",
    "runtime": "nodejs20",
    "httpsTrigger": {},
    "labels": {
      "deployment-tool": "cli-firebase"
    },
    "secretEnvironmentVariables": [
      {
        "key": "BOOKS_API_KEY",
        "secret": "BOOKS_API_KEY",
        "projectId": "kidflix-4cda0",
        "version": "4"
      },
      {
        "key": "YOUTUBE_API_KEY",
        "secret": "YOUTUBE_API_KEY",
        "projectId": "kidflix-4cda0",
        "version": "3"
      },
      {
        "key": "APP_API_BASE",
        "secret": "APP_API_BASE",
        "projectId": "kidflix-4cda0",
        "version": "2"
      }
    ],
    "serviceAccount": null,
    "ingressSettings": null,
    "availableMemoryMb": null,
    "timeoutSeconds": null,
    "maxInstances": null,
    "minInstances": null,
    "concurrency": 80,
    "vpc": null,
    "environmentVariables": {
      "FIREBASE_CONFIG": "{\"projectId\":\"kidflix-4cda0\",\"storageBucket\":\"kidflix-4cda0.firebasestorage.app\"}",
      "GCLOUD_PROJECT": "kidflix-4cda0",
      "EVENTARC_CLOUD_EVENT_SOURCE": "projects/kidflix-4cda0/locations/asia-southeast1/services/cxWebhook",
      "FUNCTION_TARGET": "cxWebhook",
      "LOG_EXECUTION_ID": "true"
    },
    "codebase": "default",
    "runServiceId": "cxwebhook",
    "cpu": 1,
    "securityLevel": "SECURE_ALWAYS",
    "targetedByOnly": false,
    "hash": "e1edb8653da021614e1b686b05928b37a78a3d48"
  },
  "op": "update",
  "original": {
    "name": "FirebaseError",
    "children": [],
    "exit": 1,
    "message": "Build failed with status: FAILURE and message: lib/index.js does not exist. For more details see the logs at https://console.cloud.google.com/cloud-build/builds;region=asia-southeast1/3f5803b9-cbf9-45a7-b36f-b24a67a77b0e?project=1057413003684.",
    "original": {
      "code": 3,
      "message": "Build failed with status: FAILURE and message: lib/index.js does not exist. For more details see the logs at https://console.cloud.google.com/cloud-build/builds;region=asia-southeast1/3f5803b9-cbf9-45a7-b36f-b24a67a77b0e?project=1057413003684."
    },
    "status": 3,
    "code": 3
  }
}
[debug] [2025-10-07T09:42:19.305Z] Error: Failed to update function cxWebhook in region asia-southeast1
    at C:\Users\Administrator\AppData\Roaming\npm\node_modules\firebase-tools\lib\deploy\functions\release\fabricator.js:411:19
    at process.processTicksAndRejections (node:internal/process/task_queues:105:5)
    at async Fabricator.updateV2Function (C:\Users\Administrator\AppData\Roaming\npm\node_modules\firebase-tools\lib\deploy\functions\release\fabricator.js:400:32)
    at async Fabricator.updateEndpoint (C:\Users\Administrator\AppData\Roaming\npm\node_modules\firebase-tools\lib\deploy\functions\release\fabricator.js:160:13)
    at async handle (C:\Users\Administrator\AppData\Roaming\npm\node_modules\firebase-tools\lib\deploy\functions\release\fabricator.js:89:17)
[error] 
[error] Error: There was an error deploying functions
